<?xml version="1.0" encoding="UTF-8"?>
<!-- Generated by org.testng.reporters.JUnitReportReporter -->
<testsuite hostname="LAPTOP-H6ICRR5G" failures="0" tests="3" name="com.datadriven.test.DemoqaTest" time="46.472" errors="0" timestamp="28 Dec 2022 03:53:37 GMT" skipped="0">
  <testcase classname="com.datadriven.test.DemoqaTest" name="demoqaPage" time="15.908"/>
  <testcase classname="com.datadriven.test.DemoqaTest" name="demoqaPage" time="13.907"/>
  <testcase classname="com.datadriven.test.DemoqaTest" name="demoqaPage" time="16.657"/>
</testsuite> <!-- com.datadriven.test.DemoqaTest -->
